======================================
Log Cleanup Report - Sun Jun 14 22:35:02 EDT 2026
Directory: /var/log
Retention: 7 days
Mode: dry-run
======================================
/var/log/bootstrap.log
/var/log/landscape/sysinfo.log
/var/log/fontconfig.log
/var/log/ubuntu-advantage-apt-hook.log
======================================
Log Cleanup Report - Sun Jun 14 22:36:58 EDT 2026
Directory: test-logs
Retention: 0 days
Mode: dry-run
======================================
Dry-run completed. No files were deleted.
======================================
Log Cleanup Report - Sun Jun 14 22:37:34 EDT 2026
Directory: test-logs
Retention: 0 days
Mode: delete
======================================
Cleanup completed. Matching old log files were deleted.
