======================================
Disk Monitor Report - Sun, Jun 14, 2026  9:59:43 PM
Threshold: 80%
======================================
OK: C:/Program mounted on 92% is 79G% full
OK: E: mounted on /e is 7% full
OK: F: mounted on /f is 50% full

Disk monitoring completed.
======================================
Disk Monitor Report - Sun, Jun 14, 2026 10:00:01 PM
Threshold: 70%
======================================
OK: C:/Program mounted on 92% is 79G% full
OK: E: mounted on /e is 7% full
OK: F: mounted on /f is 50% full

Disk monitoring completed.
======================================
Disk Monitor Report - Sun Jun 14 23:18:40 EDT 2026
Threshold: 80%
======================================
OK: none mounted on /usr/lib/modules/6.18.33.1-microsoft-standard-WSL2 is 0% full
OK: none mounted on /mnt/wsl is 1% full
WARNING: drivers mounted on /usr/lib/wsl/drivers is 92% full
OK: /dev/sde mounted on / is 2% full
OK: none mounted on /mnt/wslg is 1% full
OK: none mounted on /usr/lib/wsl/lib is 0% full
OK: rootfs mounted on /init is 1% full
OK: none mounted on /run is 1% full
OK: none mounted on /run/lock is 0% full
OK: none mounted on /run/shm is 0% full
OK: none mounted on /mnt/wslg/versions.txt is 1% full
OK: none mounted on /mnt/wslg/doc is 1% full
WARNING: C:\ mounted on /mnt/c is 92% full
OK: E:\ mounted on /mnt/e is 7% full
OK: F:\ mounted on /mnt/f is 50% full
WARNING: snapfuse mounted on /snap/microk8s/8511 is 100% full
WARNING: snapfuse mounted on /snap/core20/2769 is 100% full
WARNING: snapfuse mounted on /snap/core20/2686 is 100% full
WARNING: snapfuse mounted on /snap/snapd/26382 is 100% full
WARNING: snapfuse mounted on /snap/microk8s/8702 is 100% full
WARNING: snapfuse mounted on /snap/snapd/26865 is 100% full
OK: tmpfs mounted on /run/user/1006 is 1% full
OK: shm mounted on /var/snap/microk8s/common/run/containerd/io.containerd.grpc.v1.cri/sandboxes/53ff1580e05f8d4d4465cfbdf5b063d68d970ccef311fb1b935c9c7a77e3bf2a/shm is 0% full
OK: shm mounted on /var/snap/microk8s/common/run/containerd/io.containerd.grpc.v1.cri/sandboxes/c6b32d542a96925ee3a5b5b293613ac275b1b34cfe11e9898ac877836a07d5d5/shm is 0% full
OK: shm mounted on /var/snap/microk8s/common/run/containerd/io.containerd.grpc.v1.cri/sandboxes/c19ea26f428e5466f9b9c2d1eb634e6cd305b2dd36494c1a9b53e83832f2a133/shm is 0% full
OK: shm mounted on /var/snap/microk8s/common/run/containerd/io.containerd.grpc.v1.cri/sandboxes/89624afb4e3f9d2958ff455e9761de5e56bf04cb438b836793e6bb0b4f900480/shm is 0% full
OK: shm mounted on /var/snap/microk8s/common/run/containerd/io.containerd.grpc.v1.cri/sandboxes/83d24b4aee0dd9d4b7d1b77c264ce13df004a74c7769aa9d09612f341eac96eb/shm is 0% full
OK: shm mounted on /var/snap/microk8s/common/run/containerd/io.containerd.grpc.v1.cri/sandboxes/ea9c7221b30c97f0f0bc5ca8a7c1278dfa277c79aad651908087d1d1fe33848c/shm is 0% full
OK: shm mounted on /var/snap/microk8s/common/run/containerd/io.containerd.grpc.v1.cri/sandboxes/afd6fae25680f002f84ff05147b1bde869c3ea4480966cd1aa0b268a961f5549/shm is 0% full
OK: shm mounted on /var/snap/microk8s/common/run/containerd/io.containerd.grpc.v1.cri/sandboxes/fc04946b240efc53d1370bc7bed22536e934e59794ab70bd2f59b48d4c411c61/shm is 0% full

Disk monitoring completed.
======================================
Disk Monitor Report - Sun Jun 14 23:24:50 EDT 2026
Threshold: 70%
======================================
OK: none mounted on /usr/lib/modules/6.18.33.1-microsoft-standard-WSL2 is 0% full
OK: none mounted on /mnt/wsl is 1% full
WARNING: drivers mounted on /usr/lib/wsl/drivers is 92% full
OK: /dev/sde mounted on / is 2% full
OK: none mounted on /mnt/wslg is 1% full
OK: none mounted on /usr/lib/wsl/lib is 0% full
OK: rootfs mounted on /init is 1% full
OK: none mounted on /run is 1% full
OK: none mounted on /run/lock is 0% full
OK: none mounted on /run/shm is 0% full
OK: none mounted on /mnt/wslg/versions.txt is 1% full
OK: none mounted on /mnt/wslg/doc is 1% full
WARNING: C:\ mounted on /mnt/c is 92% full
OK: E:\ mounted on /mnt/e is 7% full
OK: F:\ mounted on /mnt/f is 50% full
WARNING: snapfuse mounted on /snap/microk8s/8511 is 100% full
WARNING: snapfuse mounted on /snap/core20/2769 is 100% full
WARNING: snapfuse mounted on /snap/core20/2686 is 100% full
WARNING: snapfuse mounted on /snap/snapd/26382 is 100% full
WARNING: snapfuse mounted on /snap/microk8s/8702 is 100% full
WARNING: snapfuse mounted on /snap/snapd/26865 is 100% full
OK: tmpfs mounted on /run/user/1006 is 1% full
OK: shm mounted on /var/snap/microk8s/common/run/containerd/io.containerd.grpc.v1.cri/sandboxes/53ff1580e05f8d4d4465cfbdf5b063d68d970ccef311fb1b935c9c7a77e3bf2a/shm is 0% full
OK: shm mounted on /var/snap/microk8s/common/run/containerd/io.containerd.grpc.v1.cri/sandboxes/c6b32d542a96925ee3a5b5b293613ac275b1b34cfe11e9898ac877836a07d5d5/shm is 0% full
OK: shm mounted on /var/snap/microk8s/common/run/containerd/io.containerd.grpc.v1.cri/sandboxes/c19ea26f428e5466f9b9c2d1eb634e6cd305b2dd36494c1a9b53e83832f2a133/shm is 0% full
OK: shm mounted on /var/snap/microk8s/common/run/containerd/io.containerd.grpc.v1.cri/sandboxes/89624afb4e3f9d2958ff455e9761de5e56bf04cb438b836793e6bb0b4f900480/shm is 0% full
OK: shm mounted on /var/snap/microk8s/common/run/containerd/io.containerd.grpc.v1.cri/sandboxes/83d24b4aee0dd9d4b7d1b77c264ce13df004a74c7769aa9d09612f341eac96eb/shm is 0% full
OK: shm mounted on /var/snap/microk8s/common/run/containerd/io.containerd.grpc.v1.cri/sandboxes/ea9c7221b30c97f0f0bc5ca8a7c1278dfa277c79aad651908087d1d1fe33848c/shm is 0% full
OK: shm mounted on /var/snap/microk8s/common/run/containerd/io.containerd.grpc.v1.cri/sandboxes/afd6fae25680f002f84ff05147b1bde869c3ea4480966cd1aa0b268a961f5549/shm is 0% full
OK: shm mounted on /var/snap/microk8s/common/run/containerd/io.containerd.grpc.v1.cri/sandboxes/fc04946b240efc53d1370bc7bed22536e934e59794ab70bd2f59b48d4c411c61/shm is 0% full

Disk monitoring completed.
